app/build/intermediates/manifest_merge_blame_file/debug/manifest-merger-blame-debug-report.txt
1<?xml version="1.0" encoding="utf-8"?>
2<manifest xmlns:android="http://schemas.android.com/apk/res/android"
3    package="com.example.android.SemanticApp"
4    android:versionCode="1"
5    android:versionName="1.0" >
6
7    <uses-sdk
8        android:minSdkVersion="16"
8-->src\main\AndroidManifest.xml
9        android:targetSdkVersion="27" />
9-->src\main\AndroidManifest.xml
10
11    <!--
12         The ACCESS_COARSE/FINE_LOCATION permissions are not required to use
13         Google Maps Android API v2, but you must specify either coarse or fine
14         location permissions for the 'MyLocation' functionality.
15    -->
16    <uses-permission android:name="android.permission.ACCESS_FINE_LOCATION" />
16-->src\main\AndroidManifest.xml:10:5-79
16-->src\main\AndroidManifest.xml:10:22-76
17    <uses-permission android:name="android.permission.READ_EXTERNAL_STORAGE" />
17-->src\main\AndroidManifest.xml:11:5-79
17-->src\main\AndroidManifest.xml:11:22-77
18    <uses-permission android:name="android.permission.WRITE_EXTERNAL_STORAGE" />
18-->src\main\AndroidManifest.xml:12:5-80
18-->src\main\AndroidManifest.xml:12:22-78
19    <uses-permission android:name="android.permission.INTERNET" />
19-->src\main\AndroidManifest.xml:13:5-67
19-->src\main\AndroidManifest.xml:13:22-64
20
21    <!-- Include required permissions for Google Maps API to run. -->
22    <uses-permission android:name="android.permission.ACCESS_NETWORK_STATE" />
22-->[com.google.android.gms:play-services-maps:16.0.0] AndroidManifest.xml:23:5-79
22-->[com.google.android.gms:play-services-maps:16.0.0] AndroidManifest.xml:23:22-76
23
24    <uses-feature
24-->[com.google.android.gms:play-services-maps:16.0.0] AndroidManifest.xml:26:5-28:35
25        android:glEsVersion="0x00020000"
25-->[com.google.android.gms:play-services-maps:16.0.0] AndroidManifest.xml:27:9-41
26        android:required="true" />
26-->[com.google.android.gms:play-services-maps:16.0.0] AndroidManifest.xml:28:9-32
27
28    <application
28-->src\main\AndroidManifest.xml:15:5-142:19
29        android:allowBackup="true"
29-->src\main\AndroidManifest.xml:16:9-35
30        android:debuggable="true"
31        android:icon="@mipmap/ic_launcher"
31-->src\main\AndroidManifest.xml:17:9-43
32        android:label="@string/app_name"
32-->src\main\AndroidManifest.xml:18:9-41
33        android:roundIcon="@mipmap/ic_launcher_round"
33-->src\main\AndroidManifest.xml:19:9-54
34        android:supportsRtl="true"
34-->src\main\AndroidManifest.xml:20:9-35
35        android:testOnly="true"
36        android:theme="@style/AppTheme" >
36-->src\main\AndroidManifest.xml:21:9-40
37
38        <!--
39             The API key for Google Maps-based APIs is defined as a string resource.
40             (See the file "res/values/google_maps_api.xml").
41             Note that the API key is linked to the encryption key used to sign the APK.
42             You need a different API key for each encryption key, including the release key that is used to
43             sign the APK for publishing.
44             You can define the keys for the debug and release targets in src/debug/ and src/release/.
45        -->
46        <meta-data
46-->src\main\AndroidManifest.xml:31:9-33:55
47            android:name="com.google.android.geo.API_KEY"
47-->src\main\AndroidManifest.xml:32:13-58
48            android:value="@string/google_maps_key" />
48-->src\main\AndroidManifest.xml:33:13-52
49
50        <activity
50-->src\main\AndroidManifest.xml:34:9-41:20
51            android:name="com.example.android.SemanticApp.MapsActivity"
51-->src\main\AndroidManifest.xml:35:13-41
52            android:label="@string/title_activity_maps"
52-->src\main\AndroidManifest.xml:36:13-56
53            android:parentActivityName="com.example.android.SemanticApp.MainActivity" >
53-->src\main\AndroidManifest.xml:37:13-55
54            <meta-data
54-->src\main\AndroidManifest.xml:38:13-40:80
55                android:name="android.support.PARENT_ACTIVITY"
55-->src\main\AndroidManifest.xml:39:17-63
56                android:value="com.example.android.SemanticApp.MainActivity" />
56-->src\main\AndroidManifest.xml:40:17-77
57        </activity>
58        <activity
58-->src\main\AndroidManifest.xml:42:9-51:20
59            android:name="com.example.android.SemanticApp.MainActivity"
59-->src\main\AndroidManifest.xml:43:13-41
60            android:label="@string/app_name"
60-->src\main\AndroidManifest.xml:44:13-45
61            android:theme="@style/AppTheme.NoActionBar" >
61-->src\main\AndroidManifest.xml:45:13-56
62            <intent-filter>
62-->src\main\AndroidManifest.xml:46:13-50:29
63                <action android:name="android.intent.action.MAIN" />
63-->src\main\AndroidManifest.xml:47:17-69
63-->src\main\AndroidManifest.xml:47:25-66
64
65                <category android:name="android.intent.category.LAUNCHER" />
65-->src\main\AndroidManifest.xml:49:17-77
65-->src\main\AndroidManifest.xml:49:27-74
66            </intent-filter>
67        </activity>
68        <activity
68-->src\main\AndroidManifest.xml:52:9-59:20
69            android:name="com.example.android.SemanticApp.HelpActivity"
69-->src\main\AndroidManifest.xml:53:13-41
70            android:label="@string/activity_help"
70-->src\main\AndroidManifest.xml:54:13-50
71            android:parentActivityName="com.example.android.SemanticApp.MainActivity" >
71-->src\main\AndroidManifest.xml:55:13-55
72            <meta-data
72-->src\main\AndroidManifest.xml:38:13-40:80
73                android:name="android.support.PARENT_ACTIVITY"
73-->src\main\AndroidManifest.xml:39:17-63
74                android:value="com.example.android.SemanticApp.MainActivity" />
74-->src\main\AndroidManifest.xml:40:17-77
75        </activity>
76        <activity
76-->src\main\AndroidManifest.xml:60:9-67:20
77            android:name="com.example.android.SemanticApp.ListActivity"
77-->src\main\AndroidManifest.xml:61:13-41
78            android:label="Comment List"
78-->src\main\AndroidManifest.xml:62:13-41
79            android:parentActivityName="com.example.android.SemanticApp.MainActivity"
79-->src\main\AndroidManifest.xml:63:13-55
80            android:theme="@style/AppTheme.NoActionBar" >
80-->src\main\AndroidManifest.xml:61:42-85
81            <meta-data
81-->src\main\AndroidManifest.xml:38:13-40:80
82                android:name="android.support.PARENT_ACTIVITY"
82-->src\main\AndroidManifest.xml:39:17-63
83                android:value="com.example.android.SemanticApp.MainActivity" />
83-->src\main\AndroidManifest.xml:40:17-77
84        </activity>
85        <activity
85-->src\main\AndroidManifest.xml:68:9-75:20
86            android:name="com.example.android.SemanticApp.ListActivityBB"
86-->src\main\AndroidManifest.xml:69:13-43
87            android:label="Comment List"
87-->src\main\AndroidManifest.xml:70:13-41
88            android:parentActivityName="com.example.android.SemanticApp.MainActivity"
88-->src\main\AndroidManifest.xml:71:13-55
89            android:theme="@style/AppTheme.NoActionBar" >
89-->src\main\AndroidManifest.xml:69:44-87
90            <meta-data
90-->src\main\AndroidManifest.xml:38:13-40:80
91                android:name="android.support.PARENT_ACTIVITY"
91-->src\main\AndroidManifest.xml:39:17-63
92                android:value="com.example.android.SemanticApp.MainActivity" />
92-->src\main\AndroidManifest.xml:40:17-77
93        </activity>
94        <activity
94-->src\main\AndroidManifest.xml:76:9-83:20
95            android:name="com.example.android.SemanticApp.ListActivityWhopper"
95-->src\main\AndroidManifest.xml:77:13-48
96            android:label="Comment List"
96-->src\main\AndroidManifest.xml:78:13-41
97            android:parentActivityName="com.example.android.SemanticApp.MainActivity"
97-->src\main\AndroidManifest.xml:79:13-55
98            android:theme="@style/AppTheme.NoActionBar" >
98-->src\main\AndroidManifest.xml:77:49-92
99            <meta-data
99-->src\main\AndroidManifest.xml:38:13-40:80
100                android:name="android.support.PARENT_ACTIVITY"
100-->src\main\AndroidManifest.xml:39:17-63
101                android:value="com.example.android.SemanticApp.MainActivity" />
101-->src\main\AndroidManifest.xml:40:17-77
102        </activity>
103        <activity
103-->src\main\AndroidManifest.xml:84:9-91:20
104            android:name="com.example.android.SemanticApp.PlacesActivity"
104-->src\main\AndroidManifest.xml:85:13-43
105            android:label="Places List"
105-->src\main\AndroidManifest.xml:86:13-40
106            android:parentActivityName="com.example.android.SemanticApp.MainActivity"
106-->src\main\AndroidManifest.xml:87:13-55
107            android:theme="@style/AppTheme.NoActionBar" >
107-->src\main\AndroidManifest.xml:85:44-87
108            <meta-data
108-->src\main\AndroidManifest.xml:38:13-40:80
109                android:name="android.support.PARENT_ACTIVITY"
109-->src\main\AndroidManifest.xml:39:17-63
110                android:value="com.example.android.SemanticApp.MainActivity" />
110-->src\main\AndroidManifest.xml:40:17-77
111        </activity>
112        <activity
112-->src\main\AndroidManifest.xml:92:9-99:20
113            android:name="com.example.android.SemanticApp.NewPlaceActivity"
113-->src\main\AndroidManifest.xml:93:13-45
114            android:label="New Place"
114-->src\main\AndroidManifest.xml:94:13-38
115            android:parentActivityName="com.example.android.SemanticApp.PlacesActivity" >
115-->src\main\AndroidManifest.xml:95:13-57
116            <meta-data
116-->src\main\AndroidManifest.xml:38:13-40:80
117                android:name="android.support.PARENT_ACTIVITY"
117-->src\main\AndroidManifest.xml:39:17-63
118                android:value="com.example.android.SemanticApp.PlacesActivity" />
118-->src\main\AndroidManifest.xml:40:17-77
119        </activity>
120        <activity
120-->src\main\AndroidManifest.xml:100:9-107:20
121            android:name="com.example.android.SemanticApp.SettingsActivity"
121-->src\main\AndroidManifest.xml:101:13-45
122            android:label="Settings"
122-->src\main\AndroidManifest.xml:102:13-37
123            android:parentActivityName="com.example.android.SemanticApp.MainActivity" >
123-->src\main\AndroidManifest.xml:103:13-55
124            <meta-data
124-->src\main\AndroidManifest.xml:38:13-40:80
125                android:name="android.support.PARENT_ACTIVITY"
125-->src\main\AndroidManifest.xml:39:17-63
126                android:value="com.example.android.SemanticApp.MainActivity" />
126-->src\main\AndroidManifest.xml:40:17-77
127        </activity>
128        <activity
128-->src\main\AndroidManifest.xml:108:9-115:20
129            android:name="com.example.android.SemanticApp.NewHolidayActivity"
129-->src\main\AndroidManifest.xml:109:13-47
130            android:label="Comment"
130-->src\main\AndroidManifest.xml:110:13-36
131            android:parentActivityName="com.example.android.SemanticApp.ListActivity" >
131-->src\main\AndroidManifest.xml:111:13-55
132            <meta-data
132-->src\main\AndroidManifest.xml:38:13-40:80
133                android:name="android.support.PARENT_ACTIVITY"
133-->src\main\AndroidManifest.xml:39:17-63
134                android:value="com.example.android.SemanticApp.ListActivity" />
134-->src\main\AndroidManifest.xml:40:17-77
135        </activity>
136        <activity
136-->src\main\AndroidManifest.xml:116:9-123:20
137            android:name="com.example.android.SemanticApp.LocationActivity"
137-->src\main\AndroidManifest.xml:117:13-45
138            android:label="Location"
138-->src\main\AndroidManifest.xml:118:13-37
139            android:parentActivityName="com.example.android.SemanticApp.MainActivity" >
139-->src\main\AndroidManifest.xml:119:13-55
140            <meta-data
140-->src\main\AndroidManifest.xml:38:13-40:80
141                android:name="android.support.PARENT_ACTIVITY"
141-->src\main\AndroidManifest.xml:39:17-63
142                android:value="com.example.android.SemanticApp.MainActivity" />
142-->src\main\AndroidManifest.xml:40:17-77
143        </activity>
144        <activity
144-->src\main\AndroidManifest.xml:124:9-131:20
145            android:name="com.example.android.SemanticApp.CameraActivity"
145-->src\main\AndroidManifest.xml:125:13-43
146            android:label="Camera"
146-->src\main\AndroidManifest.xml:126:13-35
147            android:parentActivityName="com.example.android.SemanticApp.MainActivity" >
147-->src\main\AndroidManifest.xml:127:13-55
148            <meta-data
148-->src\main\AndroidManifest.xml:38:13-40:80
149                android:name="android.support.PARENT_ACTIVITY"
149-->src\main\AndroidManifest.xml:39:17-63
150                android:value="com.example.android.SemanticApp.MainActivity" />
150-->src\main\AndroidManifest.xml:40:17-77
151        </activity>
152
153        <provider
154            android:name="android.support.v4.content.FileProvider"
154-->src\main\AndroidManifest.xml:133:13-67
155            android:authorities="com.example.android.SemanticApp.provider"
155-->src\main\AndroidManifest.xml:134:13-60
156            android:exported="false"
156-->src\main\AndroidManifest.xml:135:13-37
157            android:grantUriPermissions="true" >
157-->src\main\AndroidManifest.xml:136:13-47
158            <meta-data
158-->src\main\AndroidManifest.xml:137:13-140:25
159                android:name="android.support.FILE_PROVIDER_PATHS"
159-->src\main\AndroidManifest.xml:138:17-67
160                android:resource="@xml/file_paths" >
160-->src\main\AndroidManifest.xml:139:17-51
161            </meta-data>
162        </provider>
163        <provider
163-->[android.arch.lifecycle:extensions:1.1.1] AndroidManifest.xml:23:9-27:43
164            android:name="android.arch.lifecycle.ProcessLifecycleOwnerInitializer"
164-->[android.arch.lifecycle:extensions:1.1.1] AndroidManifest.xml:24:13-83
165            android:authorities="com.example.android.SemanticApp.lifecycle-trojan"
165-->[android.arch.lifecycle:extensions:1.1.1] AndroidManifest.xml:25:13-68
166            android:exported="false"
166-->[android.arch.lifecycle:extensions:1.1.1] AndroidManifest.xml:26:13-37
167            android:multiprocess="true" />
167-->[android.arch.lifecycle:extensions:1.1.1] AndroidManifest.xml:27:13-40
168
169        <activity
169-->[com.google.android.gms:play-services-base:16.0.1] AndroidManifest.xml:23:9-26:75
170            android:name="com.google.android.gms.common.api.GoogleApiActivity"
170-->[com.google.android.gms:play-services-base:16.0.1] AndroidManifest.xml:24:13-79
171            android:exported="false"
171-->[com.google.android.gms:play-services-base:16.0.1] AndroidManifest.xml:25:13-37
172            android:theme="@android:style/Theme.Translucent.NoTitleBar" />
172-->[com.google.android.gms:play-services-base:16.0.1] AndroidManifest.xml:26:13-72
173
174        <meta-data
174-->[com.google.android.gms:play-services-basement:16.0.1] AndroidManifest.xml:23:9-25:69
175            android:name="com.google.android.gms.version"
175-->[com.google.android.gms:play-services-basement:16.0.1] AndroidManifest.xml:24:13-58
176            android:value="@integer/google_play_services_version" />
176-->[com.google.android.gms:play-services-basement:16.0.1] AndroidManifest.xml:25:13-66
177    </application>
178
179</manifest>